<?xml version="1.0" encoding="UTF-8"?>
<!-- Generated by org.testng.reporters.JUnitReportReporter -->
<testsuite hostname="LT-LP-073" failures="0" tests="1" name="com.lambdatest.TestNGTodo1" time="21.301" errors="0" timestamp="26 Dec 2022 16:40:15 GMT" skipped="0">
  <testcase classname="com.lambdatest.TestNGTodo1" name="basicTest" time="21.301"/>
</testsuite> <!-- com.lambdatest.TestNGTodo1 -->
