<?xml version="1.0" encoding="UTF-8"?>
<!-- Generated by org.testng.reporters.JUnitReportReporter -->
<testsuite hostname="LT-LP-073" failures="0" tests="1" name="com.lambdatest.TestNGTodo1" time="112.533" errors="0" timestamp="26 Dec 2022 15:17:45 GMT" skipped="0">
  <testcase classname="com.lambdatest.TestNGTodo1" name="basicTest" time="112.533"/>
</testsuite> <!-- com.lambdatest.TestNGTodo1 -->
